<?xml version="1.0" encoding="UTF-8"?>
<!-- Generated by org.testng.reporters.JUnitReportReporter -->
<testsuite hostname="LAPTOP-QNKEP47S" failures="0" tests="1" name="flipkart.BigBillion" time="7.797" errors="0" timestamp="2021-10-31T20:06:54 IST" skipped="0">
  <testcase classname="flipkart.BigBillion" name="demo" time="7.797"/>
  <system-out/>
</testsuite> <!-- flipkart.BigBillion -->
